2026-04-16 09:32:03 [error]: Email failed to johndoe@hostel.com: Invalid login: 535-5.7.8 Username and Password not accepted. For more information, go to
535 5.7.8  https://support.google.com/mail/?p=BadCredentials 98e67ed59e1d1-36132c8b96dsm840792a91.1 - gsmtp
2026-04-16 09:35:29 [error]: Email failed to janedoe@hostel.com: Invalid login: 535-5.7.8 Username and Password not accepted. For more information, go to
535 5.7.8  https://support.google.com/mail/?p=BadCredentials 98e67ed59e1d1-35fd0a31253sm1474010a91.11 - gsmtp
2026-04-16 09:37:02 [error]: Email failed to admin@gmail.com: Invalid login: 535-5.7.8 Username and Password not accepted. For more information, go to
535 5.7.8  https://support.google.com/mail/?p=BadCredentials d2e1a72fcca58-82f7246f363sm2014634b3a.47 - gsmtp
2026-04-16 09:37:09 [error]: Email failed to user3@hostel.com: Invalid login: 535-5.7.8 Username and Password not accepted. For more information, go to
535 5.7.8  https://support.google.com/mail/?p=BadCredentials d9443c01a7336-2b4782b69cdsm49406025ad.76 - gsmtp
2026-04-18 09:23:14 [error]: Email failed to user3@hostel.com: Invalid login: 535-5.7.8 Username and Password not accepted. For more information, go to
535 5.7.8  https://support.google.com/mail/?p=BadCredentials d9443c01a7336-2b5fab20ae4sm44377925ad.61 - gsmtp
2026-04-18 09:23:35 [error]: Email failed to johndoe@hostel.com: Invalid login: 535-5.7.8 Username and Password not accepted. For more information, go to
535 5.7.8  https://support.google.com/mail/?p=BadCredentials 98e67ed59e1d1-3613fb9b121sm1959876a91.5 - gsmtp
2026-04-18 09:23:51 [error]: Email failed to janedoe@hostel.com: Invalid login: 535-5.7.8 Username and Password not accepted. For more information, go to
535 5.7.8  https://support.google.com/mail/?p=BadCredentials d2e1a72fcca58-82f8e981c07sm4217134b3a.1 - gsmtp
2026-04-18 09:23:51 [error]: Email failed to admin@gmail.com: Invalid login: 535-5.7.8 Username and Password not accepted. For more information, go to
535 5.7.8  https://support.google.com/mail/?p=BadCredentials d2e1a72fcca58-82f8e9d9a1csm3593519b3a.20 - gsmtp
2026-04-18 10:42:55 [error]: Email failed to admin@gmail.com: Invalid login: 535-5.7.8 Username and Password not accepted. For more information, go to
535 5.7.8  https://support.google.com/mail/?p=BadCredentials 98e67ed59e1d1-36140ff148dsm3610075a91.7 - gsmtp
2026-04-28 10:53:14 [error]: Email failed to john@gmail.com: Invalid login: 535-5.7.8 Username and Password not accepted. For more information, go to
535 5.7.8  https://support.google.com/mail/?p=BadCredentials 41be03b00d2f7-c7fc33d82dfsm1047805a12.25 - gsmtp
2026-04-28 10:58:13 [error]: Email failed to john@gmail.com: Invalid login: 535-5.7.8 Username and Password not accepted. For more information, go to
535 5.7.8  https://support.google.com/mail/?p=BadCredentials 98e67ed59e1d1-3649091f5c4sm527990a91.6 - gsmtp
2026-04-28 11:35:38 [error]: Email failed to xyz@gmail.com: Invalid login: 535-5.7.8 Username and Password not accepted. For more information, go to
535 5.7.8  https://support.google.com/mail/?p=BadCredentials d2e1a72fcca58-834daf624d9sm1408958b3a.43 - gsmtp
2026-04-28 11:40:52 [error]: Email failed to xyz@gmail.com: Invalid login: 535-5.7.8 Username and Password not accepted. For more information, go to
535 5.7.8  https://support.google.com/mail/?p=BadCredentials d9443c01a7336-2b97aa7b7d5sm14331935ad.12 - gsmtp
2026-04-28 11:52:56 [error]: Email failed to deo@gmail.com: Invalid login: 535-5.7.8 Username and Password not accepted. For more information, go to
535 5.7.8  https://support.google.com/mail/?p=BadCredentials d9443c01a7336-2b97aa95a7fsm14569195ad.24 - gsmtp
2026-04-28 11:57:28 [error]: Email failed to deo@gmail.com: Invalid login: 535-5.7.8 Username and Password not accepted. For more information, go to
535 5.7.8  https://support.google.com/mail/?p=BadCredentials 98e67ed59e1d1-36490dbca1fsm1968681a91.1 - gsmtp
